<?xml version='1.0' encoding='UTF-8'?>
<testsuite hostname="DESKTOP-A20VE7C" name="ImmutableVariablesTest" tests="1" errors="0" failures="0" skipped="0" time="0.037" timestamp="2022-04-14T19:53:30">
                     <properties>
[...]
</properties>
                     <testcase classname="ImmutableVariablesTest" name="" time="0.037">
                                                 
                                               </testcase>
                     <system-out><![CDATA[]]></system-out>
                     <system-err><![CDATA[]]></system-err>
                   </testsuite>